<?xml version="1.0" encoding="UTF-8"?>
<testng-results ignored="0" total="1" passed="1" failed="0" skipped="0">
  <reporter-output>
  </reporter-output>
  <suite started-at="2020-08-02T14:21:05 IST" name="Default suite" finished-at="2020-08-02T14:22:06 IST" duration-ms="61260">
    <groups>
    </groups>
    <test started-at="2020-08-02T14:21:05 IST" name="Default test" finished-at="2020-08-02T14:22:06 IST" duration-ms="61260">
      <class name="MavenDemonew2.MavenDemonew2.testmavendemonew2">
        <test-method is-config="true" signature="SetUP()[pri:0, instance:MavenDemonew2.MavenDemonew2.testmavendemonew2@7d3a22a9]" started-at="2020-08-02T14:21:05 IST" name="SetUP" finished-at="2020-08-02T14:21:33 IST" duration-ms="27447" status="PASS">
          <reporter-output>
          </reporter-output>
        </test-method> <!-- SetUP -->
        <test-method signature="test()[pri:0, instance:MavenDemonew2.MavenDemonew2.testmavendemonew2@7d3a22a9]" started-at="2020-08-02T14:21:33 IST" name="test" finished-at="2020-08-02T14:22:05 IST" duration-ms="32019" status="PASS">
          <reporter-output>
          </reporter-output>
        </test-method> <!-- test -->
        <test-method is-config="true" signature="tearDown()[pri:0, instance:MavenDemonew2.MavenDemonew2.testmavendemonew2@7d3a22a9]" started-at="2020-08-02T14:22:05 IST" name="tearDown" finished-at="2020-08-02T14:22:06 IST" duration-ms="1762" status="PASS">
          <reporter-output>
          </reporter-output>
        </test-method> <!-- tearDown -->
      </class> <!-- MavenDemonew2.MavenDemonew2.testmavendemonew2 -->
    </test> <!-- Default test -->
  </suite> <!-- Default suite -->
</testng-results>
